[2025-10-22 12:02:49] [32minfo[39m:Server listening on http://localhost:3000
[2025-10-22 12:02:51] [31merror[39m:[DB error]: ER_NO_SUCH_TABLE: Table '2025_katicabufe.categories' doesn't exist
[2025-10-22 12:03:09] [31merror[39m:[DB error]: ER_NO_SUCH_TABLE: Table '2025_katicabufe.categories' doesn't exist
[2025-10-22 12:03:17] [31merror[39m:[DB error]: ER_NO_SUCH_TABLE: Table '2025_katicabufe.customers' doesn't exist
[2025-10-22 12:04:08] [31merror[39m:[DB error]: ER_NO_SUCH_TABLE: Table '2025_katicabufe.customers' doesn't exist
[2025-10-22 12:05:00] [32minfo[39m:GET /vevo - 4 record(s) Sent | 29ms
[2025-10-22 12:05:10] [32minfo[39m:GET /kategoria - 3 record(s) Sent | 1ms
[2025-10-22 12:06:24] [31merror[39m:[DB error]: ER_NO_SUCH_TABLE: Table '2025_katicabufe.fogalom' doesn't exist
[2025-10-22 12:06:30] [32minfo[39m:GET /forgalom - 12 record(s) Sent | 5ms
[2025-10-22 12:06:48] [32minfo[39m:GET /termek - 3 record(s) Sent | 2ms
[2025-10-22 12:06:57] [32minfo[39m:GET /termek - 3 record(s) Sent | 1ms
[2025-10-22 12:15:06] [32minfo[39m:Server listening on http://localhost:3000
[2025-10-22 12:15:34] [31merror[39m:[DB error]: ER_BAD_FIELD_ERROR: Unknown column 'id' in 'where clause'
[2025-10-22 12:16:29] [31merror[39m:[DB error]: ER_BAD_FIELD_ERROR: Unknown column 'id' in 'where clause'
[2025-10-22 12:18:31] [31merror[39m:[DB error]: ER_BAD_FIELD_ERROR: Unknown column 'id' in 'where clause'
[2025-10-22 12:18:34] [32minfo[39m:GET /termek - 3 record(s) Sent | 1ms
[2025-10-22 12:18:40] [31merror[39m:[DB error]: ER_BAD_FIELD_ERROR: Unknown column 'id' in 'where clause'
[2025-10-22 12:18:45] [32minfo[39m:Server listening on http://localhost:3000
[2025-10-22 12:18:46] [31merror[39m:[DB error]: ER_BAD_FIELD_ERROR: Unknown column 'id' in 'where clause'
[2025-10-22 12:18:48] [32minfo[39m:GET /termek - 3 record(s) Sent | 3ms
